<?xml version="1.0" encoding="UTF-8"?>
<testng-results skipped="0" failed="0" ignored="0" total="1" passed="1">
  <reporter-output>
  </reporter-output>
  <suite name="Default suite" duration-ms="51706" started-at="2017-11-12T22:04:25Z" finished-at="2017-11-12T22:05:16Z">
    <groups>
    </groups>
    <test name="Default test" duration-ms="51706" started-at="2017-11-12T22:04:25Z" finished-at="2017-11-12T22:05:16Z">
      <class name="com.tests.createCreditTest">
        <test-method status="PASS" signature="setup()[pri:0, instance:com.tests.createCreditTest@57fffcd7]" name="setup" is-config="true" duration-ms="4198" started-at="2017-11-12T17:04:25Z" finished-at="2017-11-12T17:04:29Z">
          <reporter-output>
          </reporter-output>
        </test-method> <!-- setup -->
        <test-method status="PASS" signature="createCredit()[pri:0, instance:com.tests.createCreditTest@57fffcd7]" name="createCredit" duration-ms="47034" started-at="2017-11-12T17:04:29Z" finished-at="2017-11-12T17:05:16Z">
          <reporter-output>
          </reporter-output>
        </test-method> <!-- createCredit -->
        <test-method status="PASS" signature="getResult(org.testng.ITestResult)[pri:0, instance:com.tests.createCreditTest@57fffcd7]" name="getResult" is-config="true" duration-ms="438" started-at="2017-11-12T17:05:16Z" finished-at="2017-11-12T17:05:16Z">
          <params>
            <param index="0">
              <value>
                <![CDATA[[TestResult name=createCredit status=SUCCESS method=createCreditTest.createCredit()[pri:0, instance:com.tests.createCreditTest@57fffcd7] output={null}]]]>
              </value>
            </param>
          </params>
          <reporter-output>
          </reporter-output>
        </test-method> <!-- getResult -->
      </class> <!-- com.tests.createCreditTest -->
    </test> <!-- Default test -->
  </suite> <!-- Default suite -->
</testng-results>
